This is pdfTeX, Version 3.14159265-2.6-1.40.16 (TeX Live 2015) (preloaded format=pdflatex 2015.5.24)  18 NOV 2016 12:51
entering extended mode
 restricted \write18 enabled.
 file:line:error style messages enabled.
 %&-line parsing enabled.
**proposal_main
(./proposal_main.tex
LaTeX2e <2015/01/01>
Babel <3.9l> and hyphenation patterns for 79 languages loaded.
(/usr/local/texlive/2015/texmf-dist/tex/latex/base/report.cls
Document Class: report 2014/09/29 v1.4h Standard LaTeX document class
(/usr/local/texlive/2015/texmf-dist/tex/latex/base/size12.clo
File: size12.clo 2014/09/29 v1.4h Standard LaTeX file (size option)
)
\c@part=\count79
\c@chapter=\count80
\c@section=\count81
\c@subsection=\count82
\c@subsubsection=\count83
\c@paragraph=\count84
\c@subparagraph=\count85
\c@figure=\count86
\c@table=\count87
\abovecaptionskip=\skip41
\belowcaptionskip=\skip42
\bibindent=\dimen102
)
(/usr/local/texlive/2015/texmf-dist/tex/latex/setspace/setspace.sty
Package: setspace 2011/12/19 v6.7a set line spacing
)
(./bibcontents.sty)
(/usr/local/texlive/2015/texmf-dist/tex/latex/psnfss/times.sty
Package: times 2005/04/12 PSNFSS-v9.2a (SPQR) 
)
(/usr/local/texlive/2015/texmf-dist/tex/latex/amsmath/amsmath.sty
Package: amsmath 2013/01/14 v2.14 AMS math features
\@mathmargin=\skip43

For additional information on amsmath, use the `?' option.
(/usr/local/texlive/2015/texmf-dist/tex/latex/amsmath/amstext.sty
Package: amstext 2000/06/29 v2.01

(/usr/local/texlive/2015/texmf-dist/tex/latex/amsmath/amsgen.sty
File: amsgen.sty 1999/11/30 v2.0
\@emptytoks=\toks14
\ex@=\dimen103
))
(/usr/local/texlive/2015/texmf-dist/tex/latex/amsmath/amsbsy.sty
Package: amsbsy 1999/11/29 v1.2d
\pmbraise@=\dimen104
)
(/usr/local/texlive/2015/texmf-dist/tex/latex/amsmath/amsopn.sty
Package: amsopn 1999/12/14 v2.01 operator names
)
\inf@bad=\count88
LaTeX Info: Redefining \frac on input line 210.
\uproot@=\count89
\leftroot@=\count90
LaTeX Info: Redefining \overline on input line 306.
\classnum@=\count91
\DOTSCASE@=\count92
LaTeX Info: Redefining \ldots on input line 378.
LaTeX Info: Redefining \dots on input line 381.
LaTeX Info: Redefining \cdots on input line 466.
\Mathstrutbox@=\box26
\strutbox@=\box27
\big@size=\dimen105
LaTeX Font Info:    Redeclaring font encoding OML on input line 566.
LaTeX Font Info:    Redeclaring font encoding OMS on input line 567.
\macc@depth=\count93
\c@MaxMatrixCols=\count94
\dotsspace@=\muskip10
\c@parentequation=\count95
\dspbrk@lvl=\count96
\tag@help=\toks15
\row@=\count97
\column@=\count98
\maxfields@=\count99
\andhelp@=\toks16
\eqnshift@=\dimen106
\alignsep@=\dimen107
\tagshift@=\dimen108
\tagwidth@=\dimen109
\totwidth@=\dimen110
\lineht@=\dimen111
\@envbody=\toks17
\multlinegap=\skip44
\multlinetaggap=\skip45
\mathdisplay@stack=\toks18
LaTeX Info: Redefining \[ on input line 2665.
LaTeX Info: Redefining \] on input line 2666.
)
(/usr/local/texlive/2015/texmf-dist/tex/latex/graphics/epsfig.sty
Package: epsfig 1999/02/16 v1.7a (e)psfig emulation (SPQR)

(/usr/local/texlive/2015/texmf-dist/tex/latex/graphics/graphicx.sty
Package: graphicx 2014/10/28 v1.0g Enhanced LaTeX Graphics (DPC,SPQR)

(/usr/local/texlive/2015/texmf-dist/tex/latex/graphics/keyval.sty
Package: keyval 2014/10/28 v1.15 key=value parser (DPC)
\KV@toks@=\toks19
)
(/usr/local/texlive/2015/texmf-dist/tex/latex/graphics/graphics.sty
Package: graphics 2014/10/28 v1.0p Standard LaTeX Graphics (DPC,SPQR)

(/usr/local/texlive/2015/texmf-dist/tex/latex/graphics/trig.sty
Package: trig 1999/03/16 v1.09 sin cos tan (DPC)
)
(/usr/local/texlive/2015/texmf-dist/tex/latex/latexconfig/graphics.cfg
File: graphics.cfg 2010/04/23 v1.9 graphics configuration of TeX Live
)
Package graphics Info: Driver file: pdftex.def on input line 94.

(/usr/local/texlive/2015/texmf-dist/tex/latex/pdftex-def/pdftex.def
File: pdftex.def 2011/05/27 v0.06d Graphics/color for pdfTeX

(/usr/local/texlive/2015/texmf-dist/tex/generic/oberdiek/infwarerr.sty
Package: infwarerr 2010/04/08 v1.3 Providing info/warning/error messages (HO)
)
(/usr/local/texlive/2015/texmf-dist/tex/generic/oberdiek/ltxcmds.sty
Package: ltxcmds 2011/11/09 v1.22 LaTeX kernel commands for general use (HO)
)
\Gread@gobject=\count100
))
\Gin@req@height=\dimen112
\Gin@req@width=\dimen113
)
\epsfxsize=\dimen114
\epsfysize=\dimen115
)
(/usr/local/texlive/2015/texmf-dist/tex/latex/base/fontenc.sty
Package: fontenc 2005/09/27 v1.99g Standard LaTeX package

(/usr/local/texlive/2015/texmf-dist/tex/latex/base/t1enc.def
File: t1enc.def 2005/09/27 v1.99g Standard LaTeX file
LaTeX Font Info:    Redeclaring font encoding T1 on input line 48.
))
(/usr/local/texlive/2015/texmf-dist/tex/latex/oberdiek/epstopdf.sty
Package: epstopdf 2010/02/09 v2.5 Conversion with epstopdf on the fly (HO)

(/usr/local/texlive/2015/texmf-dist/tex/latex/oberdiek/epstopdf-base.sty
Package: epstopdf-base 2010/02/09 v2.5 Base part for package epstopdf

(/usr/local/texlive/2015/texmf-dist/tex/latex/oberdiek/grfext.sty
Package: grfext 2010/08/19 v1.1 Manage graphics extensions (HO)

(/usr/local/texlive/2015/texmf-dist/tex/generic/oberdiek/kvdefinekeys.sty
Package: kvdefinekeys 2011/04/07 v1.3 Define keys (HO)
))
(/usr/local/texlive/2015/texmf-dist/tex/latex/oberdiek/kvoptions.sty
Package: kvoptions 2011/06/30 v3.11 Key value format for package options (HO)

(/usr/local/texlive/2015/texmf-dist/tex/generic/oberdiek/kvsetkeys.sty
Package: kvsetkeys 2012/04/25 v1.16 Key value parser (HO)

(/usr/local/texlive/2015/texmf-dist/tex/generic/oberdiek/etexcmds.sty
Package: etexcmds 2011/02/16 v1.5 Avoid name clashes with e-TeX commands (HO)

(/usr/local/texlive/2015/texmf-dist/tex/generic/oberdiek/ifluatex.sty
Package: ifluatex 2010/03/01 v1.3 Provides the ifluatex switch (HO)
Package ifluatex Info: LuaTeX not detected.
)
Package etexcmds Info: Could not find \expanded.
(etexcmds)             That can mean that you are not using pdfTeX 1.50 or
(etexcmds)             that some package has redefined \expanded.
(etexcmds)             In the latter case, load this package earlier.
)))
(/usr/local/texlive/2015/texmf-dist/tex/generic/oberdiek/pdftexcmds.sty
Package: pdftexcmds 2011/11/29 v0.20 Utility functions of pdfTeX for LuaTeX (HO
)

(/usr/local/texlive/2015/texmf-dist/tex/generic/oberdiek/ifpdf.sty
Package: ifpdf 2011/01/30 v2.3 Provides the ifpdf switch (HO)
Package ifpdf Info: pdfTeX in PDF mode is detected.
)
Package pdftexcmds Info: LuaTeX not detected.
Package pdftexcmds Info: \pdf@primitive is available.
Package pdftexcmds Info: \pdf@ifprimitive is available.
Package pdftexcmds Info: \pdfdraftmode found.
)
Package grfext Info: Graphics extension search list:
(grfext)             [.png,.pdf,.jpg,.mps,.jpeg,.jbig2,.jb2,.PNG,.PDF,.JPG,.JPE
G,.JBIG2,.JB2,.eps]
(grfext)             \AppendGraphicsExtensions on input line 452.

(/usr/local/texlive/2015/texmf-dist/tex/latex/latexconfig/epstopdf-sys.cfg
File: epstopdf-sys.cfg 2010/07/13 v1.3 Configuration of (r)epstopdf for TeX Liv
e
)))
(/usr/local/texlive/2015/texmf-dist/tex/latex/base/latexsym.sty
Package: latexsym 1998/08/17 v2.2e Standard LaTeX package (lasy symbols)
\symlasy=\mathgroup4
LaTeX Font Info:    Overwriting symbol font `lasy' in version `bold'
(Font)                  U/lasy/m/n --> U/lasy/b/n on input line 52.
)
(/usr/local/texlive/2015/texmf-dist/tex/latex/algorithms/algorithm.sty
Package: algorithm 2009/08/24 v0.1 Document Style `algorithm' - floating enviro
nment

(/usr/local/texlive/2015/texmf-dist/tex/latex/float/float.sty
Package: float 2001/11/08 v1.3d Float enhancements (AL)
\c@float@type=\count101
\float@exts=\toks20
\float@box=\box28
\@float@everytoks=\toks21
\@floatcapt=\box29
)
(/usr/local/texlive/2015/texmf-dist/tex/latex/base/ifthen.sty
Package: ifthen 2014/09/29 v1.1c Standard LaTeX ifthen package (DPC)
)
\@float@every@algorithm=\toks22
\c@algorithm=\count102
)
(/usr/local/texlive/2015/texmf-dist/tex/latex/algorithms/algorithmic.sty
Package: algorithmic 2009/08/24 v0.1 Document Style `algorithmic'
\c@ALC@unique=\count103
\c@ALC@line=\count104
\c@ALC@rem=\count105
\c@ALC@depth=\count106
\ALC@tlm=\skip46
\algorithmicindent=\skip47
)
(/usr/local/texlive/2015/texmf-dist/tex/latex/amsfonts/amssymb.sty
Package: amssymb 2013/01/14 v3.01 AMS font symbols

(/usr/local/texlive/2015/texmf-dist/tex/latex/amsfonts/amsfonts.sty
Package: amsfonts 2013/01/14 v3.01 Basic AMSFonts support
\symAMSa=\mathgroup5
\symAMSb=\mathgroup6
LaTeX Font Info:    Overwriting math alphabet `\mathfrak' in version `bold'
(Font)                  U/euf/m/n --> U/euf/b/n on input line 106.
))
(/usr/local/texlive/2015/texmf-dist/tex/latex/tools/bm.sty
Package: bm 2014/10/28 v1.1c Bold Symbol Support (DPC/FMi)
\symboldoperators=\mathgroup7
\symboldletters=\mathgroup8
\symboldsymbols=\mathgroup9
\symboldlasy=\mathgroup10
LaTeX Font Info:    Redeclaring math alphabet \mathbf on input line 141.
LaTeX Info: Redefining \bm on input line 207.
)
(/usr/local/texlive/2015/texmf-dist/tex/latex/preprint/balance.sty
Package: balance 1999/02/23 4.3 (PWD)
\oldvsize=\dimen116
)
(/usr/local/texlive/2015/texmf-dist/tex/latex/caption/subcaption.sty
Package: subcaption 2013/02/03 v1.1-62 Sub-captions (AR)

(/usr/local/texlive/2015/texmf-dist/tex/latex/caption/caption.sty
Package: caption 2013/05/02 v3.3-89 Customizing captions (AR)

(/usr/local/texlive/2015/texmf-dist/tex/latex/caption/caption3.sty
Package: caption3 2013/05/02 v1.6-88 caption3 kernel (AR)
Package caption3 Info: TeX engine: e-TeX on input line 57.
\captionmargin=\dimen117
\captionmargin@=\dimen118
\captionwidth=\dimen119
\caption@tempdima=\dimen120
\caption@indent=\dimen121
\caption@parindent=\dimen122
\caption@hangindent=\dimen123
)
\c@ContinuedFloat=\count107
Package caption Info: float package is loaded.
)
\c@subfigure=\count108
\c@subtable=\count109
)
(/usr/local/texlive/2015/texmf-dist/tex/latex/titlesec/titlesec.sty
Package: titlesec 2011/12/15 v2.10.0 Sectioning titles
\ttl@box=\box30
\beforetitleunit=\skip48
\aftertitleunit=\skip49
\ttl@plus=\dimen124
\ttl@minus=\dimen125
\ttl@toksa=\toks23
\titlewidth=\dimen126
\titlewidthlast=\dimen127
\titlewidthfirst=\dimen128
)
\c@theorem=\count110
\c@definition=\count111
\c@problem=\count112
\c@example=\count113
\c@lemma=\count114
\c@proof=\count115

(./proposal_main.aux (./preface.aux))
\openout1 = `proposal_main.aux'.

LaTeX Font Info:    Checking defaults for OML/cmm/m/it on input line 49.
LaTeX Font Info:    ... okay on input line 49.
LaTeX Font Info:    Checking defaults for T1/cmr/m/n on input line 49.
LaTeX Font Info:    ... okay on input line 49.
LaTeX Font Info:    Checking defaults for OT1/cmr/m/n on input line 49.
LaTeX Font Info:    ... okay on input line 49.
LaTeX Font Info:    Checking defaults for OMS/cmsy/m/n on input line 49.
LaTeX Font Info:    ... okay on input line 49.
LaTeX Font Info:    Checking defaults for OMX/cmex/m/n on input line 49.
LaTeX Font Info:    ... okay on input line 49.
LaTeX Font Info:    Checking defaults for U/cmr/m/n on input line 49.
LaTeX Font Info:    ... okay on input line 49.
LaTeX Font Info:    Try loading font information for T1+ptm on input line 49.

(/usr/local/texlive/2015/texmf-dist/tex/latex/psnfss/t1ptm.fd
File: t1ptm.fd 2001/06/04 font definitions for T1/ptm.
)
(/usr/local/texlive/2015/texmf-dist/tex/context/base/supp-pdf.mkii
[Loading MPS to PDF converter (version 2006.09.02).]
\scratchcounter=\count116
\scratchdimen=\dimen129
\scratchbox=\box31
\nofMPsegments=\count117
\nofMParguments=\count118
\everyMPshowfont=\toks24
\MPscratchCnt=\count119
\MPscratchDim=\dimen130
\MPnumerator=\count120
\makeMPintoPDFobject=\count121
\everyMPtoPDFconversion=\toks25
)
Package caption Info: Begin \AtBeginDocument code.
Package caption Info: End \AtBeginDocument code.
\openout2 = `preface.aux'.

 (./preface.tex
LaTeX Font Info:    Try loading font information for U+lasy on input line 24.
 (/usr/local/texlive/2015/texmf-dist/tex/latex/base/ulasy.fd
File: ulasy.fd 1998/08/17 v2.2e LaTeX symbol font definitions
)
LaTeX Font Info:    Try loading font information for U+msa on input line 24.

(/usr/local/texlive/2015/texmf-dist/tex/latex/amsfonts/umsa.fd
File: umsa.fd 2013/01/14 v3.01 AMS symbols A
)
LaTeX Font Info:    Try loading font information for U+msb on input line 24.

(/usr/local/texlive/2015/texmf-dist/tex/latex/amsfonts/umsb.fd
File: umsb.fd 2013/01/14 v3.01 AMS symbols B
)
LaTeX Font Info:    Font shape `U/lasy/b/n' in size <7> not available
(Font)              Font shape `U/lasy/m/n' tried instead on input line 24.
LaTeX Font Info:    Font shape `T1/ptm/bx/n' in size <14.4> not available
(Font)              Font shape `T1/ptm/b/n' tried instead on input line 24.

Overfull \hbox (85.75705pt too wide) in paragraph at lines 24--24
 []$[]$ 
 []

[1


{/usr/local/texlive/2015/texmf-var/fonts/map/pdftex/updmap/pdftex.map}]
LaTeX Font Info:    Font shape `T1/ptm/bx/n' in size <12> not available
(Font)              Font shape `T1/ptm/b/n' tried instead on input line 44.

[1])
LaTeX Font Info:    Font shape `T1/ptm/bx/n' in size <24.88> not available
(Font)              Font shape `T1/ptm/b/n' tried instead on input line 77.
 (./proposal_main.toc
LaTeX Font Info:    Font shape `U/lasy/b/n' in size <8> not available
(Font)              Font shape `U/lasy/m/n' tried instead on input line 2.
LaTeX Font Info:    Font shape `U/lasy/b/n' in size <6> not available
(Font)              Font shape `U/lasy/m/n' tried instead on input line 2.
 [1



])
\tf@toc=\write3
\openout3 = `proposal_main.toc'.

 [2] (./acknowledgments.tex) (./introduction.tex
[1

]
Chapter 1.
(./Intr/motivation.tex
LaTeX Font Info:    Font shape `T1/ptm/bx/n' in size <17.28> not available
(Font)              Font shape `T1/ptm/b/n' tried instead on input line 1.
) (./Intr/state-of-art.tex [2

]

LaTeX Warning: Citation `Han:2011:DMC:1972541' on page 3 undefined on input lin
e 35.

) (./Intr/proposed-research-problems.tex)) (./preliminaries.tex [3]
Chapter 2.
LaTeX Font Info:    Font shape `T1/ptm/bx/it' in size <12> not available
(Font)              Font shape `T1/ptm/b/it' tried instead on input line 12.
[4

] [5]
Overfull \hbox (25.37938pt too wide) in paragraph at lines 58--62
\T1/ptm/m/n/12 MapReduce is a pop-u-lar dis-tributed pro-gram-ming frame-work f
or pro-cess-ing large datasets [[]].
 []

LaTeX Font Info:    Try loading font information for OMS+ptm on input line 72.
(/usr/local/texlive/2015/texmf-dist/tex/latex/psnfss/omsptm.fd
File: omsptm.fd 
)
LaTeX Font Info:    Font shape `OMS/ptm/m/n' in size <12> not available
(Font)              Font shape `OMS/cmsy/m/n' tried instead on input line 72.
 [6] [7]
Overfull \hbox (10.24814pt too wide) in paragraph at lines 125--126
\T1/ptm/m/n/12 Our un-cer-tain graph anonymiza-tion prob-lem is re-lated to the
 con-ven-tional graph anonymiza-
 []


LaTeX Warning: Reference `' on page 8 undefined on input line 129.

[8]

LaTeX Warning: Reference `' on page 9 undefined on input line 131.

LaTeX Font Info:    Try loading font information for T1+pcr on input line 133.
(/usr/local/texlive/2015/texmf-dist/tex/latex/psnfss/t1pcr.fd
File: t1pcr.fd 2001/06/04 font definitions for T1/pcr.
)
Package epstopdf Info: Source file: <figures/DegreeAUG/trueGraph.eps>
(epstopdf)                    date: 2016-11-14 12:35:06
(epstopdf)                    size: 509035 bytes
(epstopdf)             Output file: <figures/DegreeAUG/trueGraph-eps-converted-
to.pdf>
(epstopdf)                    date: 2016-11-14 16:35:16
(epstopdf)                    size: 23595 bytes
(epstopdf)             Command: <repstopdf --outfile=figures/DegreeAUG/trueGrap
h-eps-converted-to.pdf figures/DegreeAUG/trueGraph.eps>
(epstopdf)             \includegraphics on input line 144.
Package epstopdf Info: Output file is already uptodate.

<figures/DegreeAUG/trueGraph-eps-converted-to.pdf, id=53, 150.5625pt x 138.5175
pt>
File: figures/DegreeAUG/trueGraph-eps-converted-to.pdf Graphic file (type pdf)
 <use figures/DegreeAUG/trueGraph-eps-converted-to.pdf>
Package pdftex.def Info: figures/DegreeAUG/trueGraph-eps-converted-to.pdf used 
on input line 144.
(pdftex.def)             Requested size: 90.33818pt x 83.11113pt.
Package epstopdf Info: Source file: <figures/DegreeAUG/anGraph.eps>
(epstopdf)                    date: 2016-11-14 12:35:05
(epstopdf)                    size: 559495 bytes
(epstopdf)             Output file: <figures/DegreeAUG/anGraph-eps-converted-to
.pdf>
(epstopdf)                    date: 2016-11-14 16:35:17
(epstopdf)                    size: 20637 bytes
(epstopdf)             Command: <repstopdf --outfile=figures/DegreeAUG/anGraph-
eps-converted-to.pdf figures/DegreeAUG/anGraph.eps>
(epstopdf)             \includegraphics on input line 150.
Package epstopdf Info: Output file is already uptodate.

<figures/DegreeAUG/anGraph-eps-converted-to.pdf, id=54, 156.585pt x 146.5475pt>
File: figures/DegreeAUG/anGraph-eps-converted-to.pdf Graphic file (type pdf)
<use figures/DegreeAUG/anGraph-eps-converted-to.pdf>
Package pdftex.def Info: figures/DegreeAUG/anGraph-eps-converted-to.pdf used on
 input line 150.
(pdftex.def)             Requested size: 93.95172pt x 87.92915pt.
 [9]
Package epstopdf Info: Source file: <figures/DegreeAUG/entropyEx.eps>
(epstopdf)                    date: 2016-11-14 12:35:06
(epstopdf)                    size: 2478347 bytes
(epstopdf)             Output file: <figures/DegreeAUG/entropyEx-eps-converted-
to.pdf>
(epstopdf)                    date: 2016-11-14 16:35:17
(epstopdf)                    size: 132367 bytes
(epstopdf)             Command: <repstopdf --outfile=figures/DegreeAUG/entropyE
x-eps-converted-to.pdf figures/DegreeAUG/entropyEx.eps>
(epstopdf)             \includegraphics on input line 173.
Package epstopdf Info: Output file is already uptodate.

<figures/DegreeAUG/entropyEx-eps-converted-to.pdf, id=60, 432.61626pt x 236.885
pt>
File: figures/DegreeAUG/entropyEx-eps-converted-to.pdf Graphic file (type pdf)
 <use figures/DegreeAUG/entropyEx-eps-converted-to.pdf>
Package pdftex.def Info: figures/DegreeAUG/entropyEx-eps-converted-to.pdf used 
on input line 173.
(pdftex.def)             Requested size: 346.09348pt x 189.50824pt.
 [10 <./figures/DegreeAUG/trueGraph-eps-converted-to.pdf> <./figures/DegreeAUG/
anGraph-eps-converted-to.pdf> <./figures/DegreeAUG/entropyEx-eps-converted-to.p
df>]
Overfull \hbox (3.2031pt too wide) in paragraph at lines 182--183
\T1/ptm/m/n/12 Inspired by the im-por-tance of re-li-a-bil-ity, we sug-gest to 
quan-tify the util-ity loss, anonymiza-
 []


Overfull \hbox (12.72737pt too wide) in paragraph at lines 206--208
[]\T1/ptm/b/it/12 Reliability Dis-crep-ancy \T1/ptm/m/it/12 Com-pared to the in
-put un-cer-tain graph $\OMS/cmsy/m/n/12 G \OT1/cmr/m/n/12 = (\OML/cmm/m/it/12 
V; E; \OT1/cmr/m/it/12 p\OT1/cmr/m/n/12 )$\T1/ptm/m/it/12 ,
 []

[11]) (./bermuda.tex [12]
Chapter 3.
(./bec.tex

LaTeX Warning: Citation `GPS' on page 13 undefined on input line 4.

[13

] [14]
Package epstopdf Info: Source file: <figures/bermuda/BENode++2.eps>
(epstopdf)                    date: 2016-11-14 13:47:15
(epstopdf)                    size: 4287909 bytes
(epstopdf)             Output file: <figures/bermuda/BENode++2-eps-converted-to
.pdf>
(epstopdf)                    date: 2016-11-14 13:51:13
(epstopdf)                    size: 75554 bytes
(epstopdf)             Command: <repstopdf --outfile=figures/bermuda/BENode++2-
eps-converted-to.pdf figures/bermuda/BENode++2.eps>
(epstopdf)             \includegraphics on input line 72.
Package epstopdf Info: Output file is already uptodate.

<figures/bermuda/BENode++2-eps-converted-to.pdf, id=88, 481.8pt x 368.37625pt>
File: figures/bermuda/BENode++2-eps-converted-to.pdf Graphic file (type pdf)

<use figures/bermuda/BENode++2-eps-converted-to.pdf>
Package pdftex.def Info: figures/bermuda/BENode++2-eps-converted-to.pdf used on
 input line 72.
(pdftex.def)             Requested size: 192.71658pt x 147.34789pt.
LaTeX Font Info:    Font shape `OMS/ptm/m/it' in size <12> not available
(Font)              Font shape `OMS/cmsy/m/n' tried instead on input line 88.
 [15] [16 <./figures/bermuda/BENode++2-eps-converted-to.pdf>] [17]) (./bvc.tex 
[18]
Package epstopdf Info: Source file: <figures/bermuda/BNode++.eps>
(epstopdf)                    date: 2016-11-14 13:47:15
(epstopdf)                    size: 6407052 bytes
(epstopdf)             Output file: <figures/bermuda/BNode++-eps-converted-to.p
df>
(epstopdf)                    date: 2016-11-14 13:54:51
(epstopdf)                    size: 120733 bytes
(epstopdf)             Command: <repstopdf --outfile=figures/bermuda/BNode++-ep
s-converted-to.pdf figures/bermuda/BNode++.eps>
(epstopdf)             \includegraphics on input line 59.
Package epstopdf Info: Output file is already uptodate.

<figures/bermuda/BNode++-eps-converted-to.pdf, id=105, 629.35126pt x 421.575pt>
File: figures/bermuda/BNode++-eps-converted-to.pdf Graphic file (type pdf)
<use figures/bermuda/BNode++-eps-converted-to.pdf>
Package pdftex.def Info: figures/bermuda/BNode++-eps-converted-to.pdf used on i
nput line 59.
(pdftex.def)             Requested size: 251.73604pt x 168.627pt.
 [19 <./figures/bermuda/BNode++-eps-converted-to.pdf>] [20] [21]
Package epstopdf Info: Source file: <figures/bermuda/usagePattern.eps>
(epstopdf)                    date: 2016-11-14 13:47:15
(epstopdf)                    size: 3402334 bytes
(epstopdf)             Output file: <figures/bermuda/usagePattern-eps-converted
-to.pdf>
(epstopdf)                    date: 2016-11-14 13:54:52
(epstopdf)                    size: 55246 bytes
(epstopdf)             Command: <repstopdf --outfile=figures/bermuda/usagePatte
rn-eps-converted-to.pdf figures/bermuda/usagePattern.eps>
(epstopdf)             \includegraphics on input line 98.
Package epstopdf Info: Output file is already uptodate.

<figures/bermuda/usagePattern-eps-converted-to.pdf, id=119, 493.845pt x 285.065
pt>
File: figures/bermuda/usagePattern-eps-converted-to.pdf Graphic file (type pdf)

 <use figures/bermuda/usagePattern-eps-converted-to.pdf>
Package pdftex.def Info: figures/bermuda/usagePattern-eps-converted-to.pdf used
 on input line 98.
(pdftex.def)             Requested size: 197.53448pt x 114.02397pt.
 [22 <./figures/bermuda/usagePattern-eps-converted-to.pdf>]
Package epstopdf Info: Source file: <figures/bermuda/bucketFetching.eps>
(epstopdf)                    date: 2016-11-14 13:47:15
(epstopdf)                    size: 3783141 bytes
(epstopdf)             Output file: <figures/bermuda/bucketFetching-eps-convert
ed-to.pdf>
(epstopdf)                    date: 2016-11-14 13:54:52
(epstopdf)                    size: 58840 bytes
(epstopdf)             Command: <repstopdf --outfile=figures/bermuda/bucketFetc
hing-eps-converted-to.pdf figures/bermuda/bucketFetching.eps>
(epstopdf)             \includegraphics on input line 129.
Package epstopdf Info: Output file is already uptodate.

<figures/bermuda/bucketFetching-eps-converted-to.pdf, id=126, 536.0025pt x 292.
09125pt>
File: figures/bermuda/bucketFetching-eps-converted-to.pdf Graphic file (type pd
f)
 <use figures/bermuda/bucketFetching-eps-converted-to.pdf>
Package pdftex.def Info: figures/bermuda/bucketFetching-eps-converted-to.pdf us
ed on input line 129.
(pdftex.def)             Requested size: 214.3972pt x 116.83441pt.
 [23 <./figures/bermuda/bucketFetching-eps-converted-to.pdf>] [24])) (./DegreeA
UG.tex
[25]
Chapter 4.
(./repOB.tex
Package epstopdf Info: Source file: <figures/DegreeAUG/repOB.eps>
(epstopdf)                    date: 2016-11-14 12:35:06
(epstopdf)                    size: 6364269 bytes
(epstopdf)             Output file: <figures/DegreeAUG/repOB-eps-converted-to.p
df>
(epstopdf)                    date: 2016-11-14 16:35:50
(epstopdf)                    size: 104289 bytes
(epstopdf)             Command: <repstopdf --outfile=figures/DegreeAUG/repOB-ep
s-converted-to.pdf figures/DegreeAUG/repOB.eps>
(epstopdf)             \includegraphics on input line 5.
Package epstopdf Info: Output file is already uptodate.

<figures/DegreeAUG/repOB-eps-converted-to.pdf, id=139, 640.3925pt x 411.5375pt>
File: figures/DegreeAUG/repOB-eps-converted-to.pdf Graphic file (type pdf)
<use figures/DegreeAUG/repOB-eps-converted-to.pdf>
Package pdftex.def Info: figures/DegreeAUG/repOB-eps-converted-to.pdf used on i
nput line 5.
(pdftex.def)             Requested size: 243.35167pt x 156.38586pt.
 [26

]) (./Degree-AUG/AUG.tex
(./Degree-AUG/briefMainRoutine.tex)
Overfull \hbox (16.50818pt too wide) in paragraph at lines 5--7
[]\T1/ptm/m/n/12 In this sec-tion, we first give a brief re-view of the state-o
f-art frame-work which anonymizes
 []

[27 <./figures/DegreeAUG/repOB-eps-converted-to.pdf>]
Package epstopdf Info: Source file: <figures/DegreeAUG/pipeline.eps>
(epstopdf)                    date: 2016-11-14 12:35:06
(epstopdf)                    size: 2692546 bytes
(epstopdf)             Output file: <figures/DegreeAUG/pipeline-eps-converted-t
o.pdf>
(epstopdf)                    date: 2016-11-14 16:34:13
(epstopdf)                    size: 79106 bytes
(epstopdf)             Command: <repstopdf --outfile=figures/DegreeAUG/pipeline
-eps-converted-to.pdf figures/DegreeAUG/pipeline.eps>
(epstopdf)             \includegraphics on input line 17.
Package epstopdf Info: Output file is already uptodate.

<figures/DegreeAUG/pipeline-eps-converted-to.pdf, id=150, 706.64pt x 157.58875p
t>
File: figures/DegreeAUG/pipeline-eps-converted-to.pdf Graphic file (type pdf)
 <use figures/DegreeAUG/pipeline-eps-converted-to.pdf>
Package pdftex.def Info: figures/DegreeAUG/pipeline-eps-converted-to.pdf used o
n input line 17.
(pdftex.def)             Requested size: 388.6532pt x 86.67407pt.
 [28 <./figures/DegreeAUG/pipeline-eps-converted-to.pdf>]
Overfull \hbox (21.10587pt too wide) in paragraph at lines 33--34
[]\T1/ptm/m/n/12 The search flow of Al-go-rithm 5[] is de-ter-mined by the func
-tion \T1/pcr/m/n/12 GenerateObfuscation\T1/ptm/m/n/12 ,
 []

(./Degree-AUG/edgeselection.tex [29] [30]
Package epstopdf Info: Source file: <figures/DegreeAUG/uncertainO.eps>
(epstopdf)                    date: 2016-11-14 12:35:06
(epstopdf)                    size: 1037363 bytes
(epstopdf)             Output file: <figures/DegreeAUG/uncertainO-eps-converted
-to.pdf>
(epstopdf)                    date: 2016-11-14 16:34:13
(epstopdf)                    size: 36835 bytes
(epstopdf)             Command: <repstopdf --outfile=figures/DegreeAUG/uncertai
nO-eps-converted-to.pdf figures/DegreeAUG/uncertainO.eps>
(epstopdf)             \includegraphics on input line 27.
Package epstopdf Info: Output file is already uptodate.

<figures/DegreeAUG/uncertainO-eps-converted-to.pdf, id=164, 207.77625pt x 205.7
6875pt>
File: figures/DegreeAUG/uncertainO-eps-converted-to.pdf Graphic file (type pdf)

 <use figures/DegreeAUG/uncertainO-eps-converted-to.pdf>
Package pdftex.def Info: figures/DegreeAUG/uncertainO-eps-converted-to.pdf used
 on input line 27.
(pdftex.def)             Requested size: 83.10901pt x 82.30603pt.
Package epstopdf Info: Source file: <figures/DegreeAUG/uncertainC.eps>
(epstopdf)                    date: 2016-11-14 12:35:06
(epstopdf)                    size: 1520746 bytes
(epstopdf)             Output file: <figures/DegreeAUG/uncertainC-eps-converted
-to.pdf>
(epstopdf)                    date: 2016-11-14 16:34:14
(epstopdf)                    size: 49715 bytes
(epstopdf)             Command: <repstopdf --outfile=figures/DegreeAUG/uncertai
nC-eps-converted-to.pdf figures/DegreeAUG/uncertainC.eps>
(epstopdf)             \includegraphics on input line 33.
Package epstopdf Info: Output file is already uptodate.

<figures/DegreeAUG/uncertainC-eps-converted-to.pdf, id=165, 308.15125pt x 203.7
6125pt>
File: figures/DegreeAUG/uncertainC-eps-converted-to.pdf Graphic file (type pdf)

 <use figures/DegreeAUG/uncertainC-eps-converted-to.pdf>
Package pdftex.def Info: figures/DegreeAUG/uncertainC-eps-converted-to.pdf used
 on input line 33.
(pdftex.def)             Requested size: 123.2583pt x 81.50305pt.
 [31 <./figures/DegreeAUG/uncertainO-eps-converted-to.pdf> <./figures/DegreeAUG
/uncertainC-eps-converted-to.pdf>] [32] (./Degree-AUG/genObfuscation.tex) [33] 
[34] [35])
(./Degree-AUG/edgeprobability.tex
Package epstopdf Info: Source file: <figures/DegreeAUG/AnonymityEP.eps>
(epstopdf)                    date: 2016-11-14 12:35:05
(epstopdf)                    size: 1221252 bytes
(epstopdf)             Output file: <figures/DegreeAUG/AnonymityEP-eps-converte
d-to.pdf>
(epstopdf)                    date: 2016-11-14 16:34:14
(epstopdf)                    size: 39743 bytes
(epstopdf)             Command: <repstopdf --outfile=figures/DegreeAUG/Anonymit
yEP-eps-converted-to.pdf figures/DegreeAUG/AnonymityEP.eps>
(epstopdf)             \includegraphics on input line 6.
Package epstopdf Info: Output file is already uptodate.

<figures/DegreeAUG/AnonymityEP-eps-converted-to.pdf, id=188, 361.35pt x 289.08p
t>
File: figures/DegreeAUG/AnonymityEP-eps-converted-to.pdf Graphic file (type pdf
)
 <use figures/DegreeAUG/AnonymityEP-eps-converted-to.pdf>
Package pdftex.def Info: figures/DegreeAUG/AnonymityEP-eps-converted-to.pdf use
d on input line 6.
(pdftex.def)             Requested size: 126.4744pt x 101.1795pt.
Package epstopdf Info: Source file: <figures/DegreeAUG/constraint.eps>
(epstopdf)                    date: 2016-11-14 12:35:06
(epstopdf)                    size: 1221251 bytes
(epstopdf)             Output file: <figures/DegreeAUG/constraint-eps-converted
-to.pdf>
(epstopdf)                    date: 2016-11-14 16:34:15
(epstopdf)                    size: 38922 bytes
(epstopdf)             Command: <repstopdf --outfile=figures/DegreeAUG/constrai
nt-eps-converted-to.pdf figures/DegreeAUG/constraint.eps>
(epstopdf)             \includegraphics on input line 12.
Package epstopdf Info: Output file is already uptodate.

<figures/DegreeAUG/constraint-eps-converted-to.pdf, id=189, 361.35pt x 289.08pt
>
File: figures/DegreeAUG/constraint-eps-converted-to.pdf Graphic file (type pdf)

 <use figures/DegreeAUG/constraint-eps-converted-to.pdf>
Package pdftex.def Info: figures/DegreeAUG/constraint-eps-converted-to.pdf used
 on input line 12.
(pdftex.def)             Requested size: 126.4744pt x 101.1795pt.

Overfull \hbox (8.38765pt too wide) in paragraph at lines 26--27
\T1/ptm/m/n/12 Let us con-sider $\OML/cmm/m/it/12 k$\T1/ptm/m/n/12 -obfuscate a
 given node $\OML/cmm/m/it/12 v$ \T1/ptm/m/n/12 as a sin-gle con-straint $\OML/
cmm/m/it/12 c[]$ \T1/ptm/m/n/12 for the tar-get anonymiza-
 []

[36 <./figures/DegreeAUG/AnonymityEP-eps-converted-to.pdf> <./figures/DegreeAUG
/constraint-eps-converted-to.pdf>] [37]))) (./proposal_main.bbl [38] [39

])
[40] (./proposal_main.aux (./preface.aux))

LaTeX Warning: There were undefined references.

 )
(\end occurred inside a group at level 1)

### simple group (level 1) entered at line 129 ({)
### bottom level 
Here is how much of TeX's memory you used:
 4894 strings out of 493089
 71478 string characters out of 6134842
 136664 words of memory out of 5000000
 8159 multiletter control sequences out of 15000+600000
 69713 words of font info for 130 fonts, out of 8000000 for 9000
 1141 hyphenation exceptions out of 8191
 42i,15n,40p,1389b,797s stack positions out of 5000i,500n,10000p,200000b,80000s
{/usr/local/texlive/2015/texmf-dist/fonts/enc/dvips/base/8r.enc
}</usr/local/texlive/2015/texmf-dist/fonts/type1/public/amsfonts/cm/cmbx12.pfb>
</usr/local/texlive/2015/texmf-dist/fonts/type1/public/amsfonts/cm/cmex10.pfb><
/usr/local/texlive/2015/texmf-dist/fonts/type1/public/amsfonts/cmextra/cmex8.pf
b></usr/local/texlive/2015/texmf-dist/fonts/type1/public/amsfonts/cm/cmmi10.pfb
></usr/local/texlive/2015/texmf-dist/fonts/type1/public/amsfonts/cm/cmmi12.pfb>
</usr/local/texlive/2015/texmf-dist/fonts/type1/public/amsfonts/cm/cmmi6.pfb></
usr/local/texlive/2015/texmf-dist/fonts/type1/public/amsfonts/cm/cmmi8.pfb></us
r/local/texlive/2015/texmf-dist/fonts/type1/public/amsfonts/cm/cmmib10.pfb></us
r/local/texlive/2015/texmf-dist/fonts/type1/public/amsfonts/cm/cmr12.pfb></usr/
local/texlive/2015/texmf-dist/fonts/type1/public/amsfonts/cm/cmr6.pfb></usr/loc
al/texlive/2015/texmf-dist/fonts/type1/public/amsfonts/cm/cmr8.pfb></usr/local/
texlive/2015/texmf-dist/fonts/type1/public/amsfonts/cm/cmsy10.pfb></usr/local/t
exlive/2015/texmf-dist/fonts/type1/public/amsfonts/cm/cmsy8.pfb></usr/local/tex
live/2015/texmf-dist/fonts/type1/public/amsfonts/cm/cmti12.pfb></usr/local/texl
ive/2015/texmf-dist/fonts/type1/public/amsfonts/cm/cmtt12.pfb></usr/local/texli
ve/2015/texmf-dist/fonts/type1/urw/courier/ucrr8a.pfb></usr/local/texlive/2015/
texmf-dist/fonts/type1/urw/times/utmb8a.pfb></usr/local/texlive/2015/texmf-dist
/fonts/type1/urw/times/utmbi8a.pfb></usr/local/texlive/2015/texmf-dist/fonts/ty
pe1/urw/times/utmr8a.pfb></usr/local/texlive/2015/texmf-dist/fonts/type1/urw/ti
mes/utmri8a.pfb>
Output written on ./proposal_main.pdf (44 pages, 1120725 bytes).
PDF statistics:
 281 PDF objects out of 1000 (max. 8388607)
 187 compressed objects within 2 object streams
 0 named destinations out of 1000 (max. 500000)
 66 words of extra memory for PDF output out of 10000 (max. 10000000)

